#
# There is insufficient memory for the Java Runtime Environment to continue.
# Native memory allocation (mmap) failed to map 132120576 bytes for Failed to commit area from 0x0000000082800000 to 0x000000008a600000 of length 132120576.
# Possible reasons:
#   The system is out of physical RAM or swap space
#   The process is running with CompressedOops enabled, and the Java Heap may be blocking the growth of the native heap
# Possible solutions:
#   Reduce memory load on the system
#   Increase physical memory or swap space
#   Check if swap backing store is full
#   Decrease Java heap size (-Xmx/-Xms)
#   Decrease number of Java threads
#   Decrease Java thread stack sizes (-Xss)
#   Set larger code cache with -XX:ReservedCodeCacheSize=
# This output file may be truncated or incomplete.
#
#  Out of Memory Error (./open/src/hotspot/os/windows/os_windows.cpp:3273), pid=7960, tid=19184
#
# JRE version:  (11.0.12+8) (build )
# Java VM: Java HotSpot(TM) 64-Bit Server VM (11.0.12+8-LTS-237, mixed mode, sharing, tiered, compressed oops, g1 gc, windows-amd64)
# No core dump will be written. Minidumps are not enabled by default on client versions of Windows
#

---------------  S U M M A R Y ------------

Command Line: -javaagent:C:\Users\emerson.da.s.barros\AppData\Local\JetBrains\IntelliJ IDEA Community Edition 2021.2.3\lib\idea_rt.jar=52643:C:\Users\emerson.da.s.barros\AppData\Local\JetBrains\IntelliJ IDEA Community Edition 2021.2.3\bin -Dfile.encoding=UTF-8 com.barrostech.AlgafoodApiApplication

Host: Intel(R) Core(TM) i5-8350U CPU @ 1.70GHz, 8 cores, 7G,  Windows 10 , 64 bit Build 22000 (10.0.22000.613)
Time: Fri Apr 15 20:43:46 2022 Hora oficial do Brasil elapsed time: 0.039465 seconds (0d 0h 0m 0s)

---------------  T H R E A D  ---------------

Current thread (0x000001a70d45b800):  JavaThread "Unknown thread" [_thread_in_vm, id=19184, stack(0x0000005737000000,0x0000005737100000)]

Stack: [0x0000005737000000,0x0000005737100000]
Native frames: (J=compiled Java code, j=interpreted, Vv=VM code, C=native code)
V  [jvm.dll+0x617d9a]
V  [jvm.dll+0x74eeef]
V  [jvm.dll+0x750599]
V  [jvm.dll+0x750c23]
V  [jvm.dll+0x2438d8]
V  [jvm.dll+0x61518a]
V  [jvm.dll+0x609f45]
V  [jvm.dll+0x2f85cc]
V  [jvm.dll+0x2f8452]
V  [jvm.dll+0x2fd106]
V  [jvm.dll+0x33f6ef]
V  [jvm.dll+0x33f120]
V  [jvm.dll+0x2d5ca8]
V  [jvm.dll+0x2d6e06]
V  [jvm.dll+0x72a977]
V  [jvm.dll+0x72c21f]
V  [jvm.dll+0x34c469]
V  [jvm.dll+0x710400]
V  [jvm.dll+0x3b5baf]
V  [jvm.dll+0x3b7cb1]
C  [jli.dll+0x520b]
C  [ucrtbase.dll+0x26c0c]
C  [KERNEL32.DLL+0x154e0]
C  [ntdll.dll+0x485b]


---------------  P R O C E S S  ---------------

Threads class SMR info:
_java_thread_list=0x000001a70b056fc0, length=0, elements={
}

Java Threads: ( => current thread )

Other Threads:
  0x000001a70d471800 GCTaskThread "GC Thread#0" [stack: 0x0000005737100000,0x0000005737200000] [id=19172]
  0x000001a70d4a2800 ConcurrentGCThread "G1 Main Marker" [stack: 0x0000005737200000,0x0000005737300000] [id=13564]
  0x000001a70d4a4000 ConcurrentGCThread "G1 Conc#0" [stack: 0x0000005737300000,0x0000005737400000] [id=11688]

[error occurred during error reporting (printing all threads), id 0xc0000005, EXCEPTION_ACCESS_VIOLATION (0xc0000005) at pc=0x00007ffd38ae4f37]

VM state:not at safepoint (not fully initialized)

VM Mutex/Monitor currently owned by a thread:  ([mutex/lock_event])
[0x000001a70d457c30] Heap_lock - owner thread: 0x000001a70d45b800

Heap address: 0x0000000082800000, size: 2008 MB, Compressed Oops mode: Non-zero based: 0x0000000082800000
Narrow klass base: 0x0000000000000000, Narrow klass shift: 0

GC Heap History (0 events):
No events

Deoptimization events (0 events):
No events

Classes redefined (0 events):
No events

Internal exceptions (0 events):
No events

Events (0 events):
No events


Dynamic libraries:
0x00007ff6bfc70000 - 0x00007ff6bfc7f000 	C:\Program Files\Java\jdk-11.0.12\bin\java.exe
0x00007ffde1400000 - 0x00007ffde1609000 	C:\WINDOWS\SYSTEM32\ntdll.dll
0x00007ffde0010000 - 0x00007ffde00cd000 	C:\WINDOWS\System32\KERNEL32.DLL
0x00007ffddeab0000 - 0x00007ffddee24000 	C:\WINDOWS\System32\KERNELBASE.dll
0x00007ffddeef0000 - 0x00007ffddf001000 	C:\WINDOWS\System32\ucrtbase.dll
0x00007ffdd9db0000 - 0x00007ffdd9dc8000 	C:\Program Files\Java\jdk-11.0.12\bin\jli.dll
0x00007ffde0890000 - 0x00007ffde093e000 	C:\WINDOWS\System32\ADVAPI32.dll
0x00007ffddf500000 - 0x00007ffddf5a3000 	C:\WINDOWS\System32\msvcrt.dll
0x00007ffde0940000 - 0x00007ffde09de000 	C:\WINDOWS\System32\sechost.dll
0x00007ffddab70000 - 0x00007ffddab85000 	C:\Program Files\Java\jdk-11.0.12\bin\VCRUNTIME140.dll
0x00007ffde00d0000 - 0x00007ffde01f0000 	C:\WINDOWS\System32\RPCRT4.dll
0x00007ffddfae0000 - 0x00007ffddfc8c000 	C:\WINDOWS\System32\USER32.dll
0x00007ffdde8f0000 - 0x00007ffdde916000 	C:\WINDOWS\System32\win32u.dll
0x00007ffdc1b90000 - 0x00007ffdc1e35000 	C:\WINDOWS\WinSxS\amd64_microsoft.windows.common-controls_6595b64144ccf1df_6.0.22000.120_none_9d947278b86cc467\COMCTL32.dll
0x00007ffddf770000 - 0x00007ffddf799000 	C:\WINDOWS\System32\GDI32.dll
0x00007ffddf010000 - 0x00007ffddf122000 	C:\WINDOWS\System32\gdi32full.dll
0x00007ffdde990000 - 0x00007ffddea2d000 	C:\WINDOWS\System32\msvcp_win.dll
0x00007ffdda1f0000 - 0x00007ffdda1fa000 	C:\WINDOWS\SYSTEM32\VERSION.dll
0x00007ffddf940000 - 0x00007ffddf971000 	C:\WINDOWS\System32\IMM32.DLL
0x00007ffddd1a0000 - 0x00007ffddd2a2000 	C:\Program Files\Avecto\Privilege Guard Client\PGHook.dll
0x0000000068000000 - 0x0000000068071000 	C:\WINDOWS\System32\QIPCAP64.dll
0x00007ffde0c10000 - 0x00007ffde13bf000 	C:\WINDOWS\System32\SHELL32.dll
0x00007ffddd4f0000 - 0x00007ffddd5d8000 	C:\WINDOWS\SYSTEM32\DNSAPI.dll
0x00007ffddd4c0000 - 0x00007ffddd4ed000 	C:\WINDOWS\SYSTEM32\IPHLPAPI.DLL
0x00007ffddfa60000 - 0x00007ffddfa69000 	C:\WINDOWS\System32\NSI.dll
0x00007ffd9f970000 - 0x00007ffd9fa0b000 	C:\Program Files\Java\jdk-11.0.12\bin\msvcp140.dll
0x00007ffd38800000 - 0x00007ffd392ff000 	C:\Program Files\Java\jdk-11.0.12\bin\server\jvm.dll
0x00007ffddf3a0000 - 0x00007ffddf3a8000 	C:\WINDOWS\System32\PSAPI.DLL
0x00007ffdc3d90000 - 0x00007ffdc3d99000 	C:\WINDOWS\SYSTEM32\WSOCK32.dll
0x000001a70cb10000 - 0x000001a70cb7f000 	C:\WINDOWS\System32\WS2_32.dll
0x00007ffdd94c0000 - 0x00007ffdd94f3000 	C:\WINDOWS\SYSTEM32\WINMM.dll
0x00007ffddd990000 - 0x00007ffddd9a8000 	C:\WINDOWS\SYSTEM32\kernel.appcore.dll
0x00007ffddb020000 - 0x00007ffddb030000 	C:\Program Files\Java\jdk-11.0.12\bin\verify.dll
0x00007ffdd6fc0000 - 0x00007ffdd71e1000 	C:\WINDOWS\SYSTEM32\DBGHELP.DLL
0x00007ffdd6f80000 - 0x00007ffdd6fb1000 	C:\WINDOWS\SYSTEM32\dbgcore.DLL
0x000001a70cb80000 - 0x000001a70cbff000 	C:\WINDOWS\System32\bcryptPrimitives.dll
0x00007ffdd9d80000 - 0x00007ffdd9da8000 	C:\Program Files\Java\jdk-11.0.12\bin\java.dll
0x00007ffdd4730000 - 0x00007ffdd473a000 	C:\Program Files\Java\jdk-11.0.12\bin\jimage.dll
0x00007ffdd4600000 - 0x00007ffdd460e000 	C:\Program Files\Java\jdk-11.0.12\bin\instrument.dll
0x00007ffdc8100000 - 0x00007ffdc8116000 	C:\Program Files\Java\jdk-11.0.12\bin\zip.dll

dbghelp: loaded successfully - version: 4.0.5 - missing functions: none
symbol engine: initialized successfully - sym options: 0x614 - pdb path: .;C:\Program Files\Java\jdk-11.0.12\bin;C:\WINDOWS\SYSTEM32;C:\WINDOWS\WinSxS\amd64_microsoft.windows.common-controls_6595b64144ccf1df_6.0.22000.120_none_9d947278b86cc467;C:\Program Files\Avecto\Privilege Guard Client;C:\Program Files\Java\jdk-11.0.12\bin\server

VM Arguments:
jvm_args: -javaagent:C:\Users\emerson.da.s.barros\AppData\Local\JetBrains\IntelliJ IDEA Community Edition 2021.2.3\lib\idea_rt.jar=52643:C:\Users\emerson.da.s.barros\AppData\Local\JetBrains\IntelliJ IDEA Community Edition 2021.2.3\bin -Dfile.encoding=UTF-8 
java_command: com.barrostech.AlgafoodApiApplication
java_class_path (initial): C:\fontes\projeto-algaworks-api\target\classes;C:\Users\emerson.da.s.barros\.m2\repository\org\springframework\boot\spring-boot-starter-web\2.4.4\spring-boot-starter-web-2.4.4.jar;C:\Users\emerson.da.s.barros\.m2\repository\org\springframework\boot\spring-boot-starter-json\2.4.4\spring-boot-starter-json-2.4.4.jar;C:\Users\emerson.da.s.barros\.m2\repository\com\fasterxml\jackson\datatype\jackson-datatype-jdk8\2.11.4\jackson-datatype-jdk8-2.11.4.jar;C:\Users\emerson.da.s.barros\.m2\repository\com\fasterxml\jackson\datatype\jackson-datatype-jsr310\2.11.4\jackson-datatype-jsr310-2.11.4.jar;C:\Users\emerson.da.s.barros\.m2\repository\com\fasterxml\jackson\module\jackson-module-parameter-names\2.11.4\jackson-module-parameter-names-2.11.4.jar;C:\Users\emerson.da.s.barros\.m2\repository\org\springframework\boot\spring-boot-starter-tomcat\2.4.4\spring-boot-starter-tomcat-2.4.4.jar;C:\Users\emerson.da.s.barros\.m2\repository\org\apache\tomcat\embed\tomcat-embed-core\9.0.44\tomcat-embed-core-9.0.44.jar;C:\Users\emerson.da.s.barros\.m2\repository\org\apache\tomcat\embed\tomcat-embed-websocket\9.0.44\tomcat-embed-websocket-9.0.44.jar;C:\Users\emerson.da.s.barros\.m2\repository\org\springframework\spring-web\5.3.5\spring-web-5.3.5.jar;C:\Users\emerson.da.s.barros\.m2\repository\org\springframework\spring-beans\5.3.5\spring-beans-5.3.5.jar;C:\Users\emerson.da.s.barros\.m2\repository\org\springframework\spring-webmvc\5.3.5\spring-webmvc-5.3.5.jar;C:\Users\emerson.da.s.barros\.m2\repository\org\springframework\spring-aop\5.3.5\spring-aop-5.3.5.jar;C:\Users\emerson.da.s.barros\.m2\repository\org\springframework\spring-context\5.3.5\spring-context-5.3.5.jar;C:\Users\emerson.da.s.barros\.m2\repository\org\springframework\spring-expression\5.3.5\spring-expression-5.3.5.jar;C:\Users\emerson.da.s.barros\.m2\repository\org\slf4j\slf4j-api\1.7.30\slf4j-api-1.7.30.jar;C:\Users\emerson.da.s.barros\.m2\repository\jakarta\xml\bind\jakarta.xml.bind-api\2.3.3\jakarta.
Launcher Type: SUN_STANDARD

[Global flags]
     intx CICompilerCount                          = 4                                         {product} {ergonomic}
     uint ConcGCThreads                            = 2                                         {product} {ergonomic}
     uint G1ConcRefinementThreads                  = 8                                         {product} {ergonomic}
   size_t G1HeapRegionSize                         = 1048576                                   {product} {ergonomic}
    uintx GCDrainStackTargetSize                   = 64                                        {product} {ergonomic}
   size_t InitialHeapSize                          = 132120576                                 {product} {ergonomic}
   size_t MarkStackSize                            = 4194304                                   {product} {ergonomic}
   size_t MaxHeapSize                              = 2105540608                                {product} {ergonomic}
   size_t MinHeapDeltaBytes                        = 1048576                                   {product} {ergonomic}
    uintx NonNMethodCodeHeapSize                   = 5836300                                {pd product} {ergonomic}
    uintx NonProfiledCodeHeapSize                  = 122910970                              {pd product} {ergonomic}
    uintx ProfiledCodeHeapSize                     = 122910970                              {pd product} {ergonomic}
    uintx ReservedCodeCacheSize                    = 251658240                              {pd product} {ergonomic}
     bool SegmentedCodeCache                       = true                                      {product} {ergonomic}
     bool UseCompressedClassPointers               = true                                 {lp64_product} {ergonomic}
     bool UseCompressedOops                        = true                                 {lp64_product} {ergonomic}
     bool UseG1GC                                  = true                                      {product} {ergonomic}
     bool UseLargePagesIndividualAllocation        = false                                  {pd product} {ergonomic}

Logging:
Log output configuration:
 #0: stdout all=warning uptime,level,tags
 #1: stderr all=off uptime,level,tags

Environment Variables:
PATH=C:\Program Files\Common Files\Oracle\Java\javapath;C:\Python310\Scripts\;C:\Python310\;C:\WINDOWS\system32;C:\WINDOWS;C:\WINDOWS\System32\Wbem;C:\WINDOWS\System32\WindowsPowerShell\v1.0\;C:\WINDOWS\System32\OpenSSH\;C:\Program Files\Intel\WiFi\bin\;C:\Program Files\Common Files\Intel\WirelessCommon\;C:\Program Files (x86)\Symantec\VIP Access Client\;C:\Program Files (x86)\Pulse Secure\VC142.CRT\X64\;C:\Program Files (x86)\Pulse Secure\VC142.CRT\X86\;C:\Program Files (x86)\Common Files\Pulse Secure\VC142.CRT\X64\;C:\Program Files (x86)\Common Files\Pulse Secure\VC142.CRT\X86\;C:\Program Files\nodejs\;C:\ProgramData\chocolatey\bin;;C:\Program Files\Amazon\AWSCLIV2\;C:\Program Files\PuTTY\;C:\Users\emerson.da.s.barros\AppData\Local\Microsoft\WindowsApps;C:\Users\emerson.da.s.barros\AppData\Local\JetBrains\IntelliJ IDEA Community Edition 2021.2.3\bin;;C:\Users\emerson.da.s.barros\AppData\Local\Programs\Git\cmd;C:\Users\emerson.da.s.barros\AppData\Local\Programs\Microsoft VS Code\bin;C:\Users\emerson.da.s.barros\AppData\Roaming\npm;
USERNAME=emerson.da.s.barros
OS=Windows_NT
PROCESSOR_IDENTIFIER=Intel64 Family 6 Model 142 Stepping 10, GenuineIntel



---------------  S Y S T E M  ---------------

OS: Windows 10 , 64 bit Build 22000 (10.0.22000.613)
Hyper-V role detected

CPU:total 8 (initial active 8) (4 cores per cpu, 2 threads per core) family 6 model 142 stepping 10 microcode 0xea, cmov, cx8, fxsr, mmx, sse, sse2, sse3, ssse3, sse4.1, sse4.2, popcnt, avx, avx2, aes, clmul, erms, rtm, 3dnowpref, lzcnt, ht, tsc, tscinvbit, bmi1, bmi2, adx, fma

Memory: 4k page, system-wide physical 8026M (761M free)
TotalPageFile size 12378M (AvailPageFile size 120M)
current process WorkingSet (physical memory assigned to process): 12M, peak: 12M
current process commit charge ("private bytes"): 61M, peak: 187M

vm_info: Java HotSpot(TM) 64-Bit Server VM (11.0.12+8-LTS-237) for windows-amd64 JRE (11.0.12+8-LTS-237), built on Jun  8 2021 11:25:59 by "mach5one" with MS VC++ 15.9 (VS2017)

END.
