#
# There is insufficient memory for the Java Runtime Environment to continue.
# Native memory allocation (mmap) failed to map 32505856 bytes for Failed to commit area from 0x000000008c000000 to 0x000000008df00000 of length 32505856.
# Possible reasons:
#   The system is out of physical RAM or swap space
#   The process is running with CompressedOops enabled, and the Java Heap may be blocking the growth of the native heap
# Possible solutions:
#   Reduce memory load on the system
#   Increase physical memory or swap space
#   Check if swap backing store is full
#   Decrease Java heap size (-Xmx/-Xms)
#   Decrease number of Java threads
#   Decrease Java thread stack sizes (-Xss)
#   Set larger code cache with -XX:ReservedCodeCacheSize=
#   JVM is running with Unscaled Compressed Oops mode in which the Java heap is
#     placed in the first 4GB address space. The Java Heap base address is the
#     maximum limit for the native heap growth. Please use -XX:HeapBaseMinAddress
#     to set the Java Heap base and to place the Java Heap above 4GB virtual address.
# This output file may be truncated or incomplete.
#
#  Out of Memory Error (./open/src/hotspot/os/windows/os_windows.cpp:3273), pid=17424, tid=2104
#
# JRE version: Java(TM) SE Runtime Environment 18.9 (11.0.12+8) (build 11.0.12+8-LTS-237)
# Java VM: Java HotSpot(TM) 64-Bit Server VM 18.9 (11.0.12+8-LTS-237, mixed mode, tiered, compressed oops, g1 gc, windows-amd64)
# No core dump will be written. Minidumps are not enabled by default on client versions of Windows
#

---------------  S U M M A R Y ------------

Command Line: -ea -javaagent:C:\Users\emerson.da.s.barros\AppData\Local\JetBrains\IdeaIC2021.2\testAgent\intellij-coverage-agent-1.0.589.jar=C:\Users\emerson.da.s.barros\AppData\Local\Temp\coverage3args -Didea.new.sampling.coverage=true -Dcoverage.ignore.private.constructor.util.class=true -Didea.test.cyclic.buffer.size=1048576 -javaagent:C:\Users\emerson.da.s.barros\AppData\Local\JetBrains\IntelliJ IDEA Community Edition 2021.2.3\lib\idea_rt.jar=55349:C:\Users\emerson.da.s.barros\AppData\Local\JetBrains\IntelliJ IDEA Community Edition 2021.2.3\bin -Dfile.encoding=UTF-8 com.intellij.rt.junit.JUnitStarter -ideVersion5 -junit5 com.barrostech.CadastroCozinhaIntegrationTests,testarFalhaExcluirCozinhaEmUso

Host: Intel(R) Core(TM) i5-8350U CPU @ 1.70GHz, 8 cores, 7G,  Windows 10 , 64 bit Build 22000 (10.0.22000.613)
Time: Sat Apr 16 22:34:45 2022 Hora oficial do Brasil elapsed time: 12.530612 seconds (0d 0h 0m 12s)

---------------  T H R E A D  ---------------

Current thread (0x0000028b5c88b800):  VMThread "VM Thread" [stack: 0x000000ae15b00000,0x000000ae15c00000] [id=2104]

Stack: [0x000000ae15b00000,0x000000ae15c00000]
[error occurred during error reporting (printing stack bounds), id 0xc0000005, EXCEPTION_ACCESS_VIOLATION (0xc0000005) at pc=0x0000028b46050f2d]

Native frames: (J=compiled Java code, j=interpreted, Vv=VM code, C=native code)
V  [jvm.dll+0x617d9a]
V  [jvm.dll+0x74eeef]
V  [jvm.dll+0x750599]
V  [jvm.dll+0x750b85]
V  [jvm.dll+0x750b3b]
V  [jvm.dll+0x6175d3]
V  [jvm.dll+0x617998]
C  [ntdll.dll+0xa86ef]
C  [ntdll.dll+0x35aea]
C  [ntdll.dll+0xa76fe]
C  0x0000028b46050f2d

VM_Operation (0x000000ae155f8540): G1CollectForAllocation, mode: safepoint, requested by thread 0x0000028b3dbd9000


---------------  P R O C E S S  ---------------

Threads class SMR info:
_java_thread_list=0x0000028b60592e10, length=15, elements={
0x0000028b3dbd9000, 0x0000028b5c891000, 0x0000028b5d0c0800, 0x0000028b5c899000,
0x0000028b5c89a000, 0x0000028b5c89b800, 0x0000028b5d116800, 0x0000028b5d118000,
0x0000028b5d119800, 0x0000028b5c846000, 0x0000028b5d3ed000, 0x0000028b60a0b000,
0x0000028b604a4000, 0x0000028b5e463000, 0x0000028b630f2800
}

Java Threads: ( => current thread )
  0x0000028b3dbd9000 JavaThread "main" [_thread_blocked, id=15252, stack(0x000000ae15500000,0x000000ae15600000)]
  0x0000028b5c891000 JavaThread "Reference Handler" daemon [_thread_blocked, id=14448, stack(0x000000ae15c00000,0x000000ae15d00000)]
  0x0000028b5d0c0800 JavaThread "Finalizer" daemon [_thread_blocked, id=6160, stack(0x000000ae15d00000,0x000000ae15e00000)]
  0x0000028b5c899000 JavaThread "Signal Dispatcher" daemon [_thread_blocked, id=19816, stack(0x000000ae15e00000,0x000000ae15f00000)]
  0x0000028b5c89a000 JavaThread "Attach Listener" daemon [_thread_blocked, id=14752, stack(0x000000ae15f00000,0x000000ae16000000)]
  0x0000028b5c89b800 JavaThread "Service Thread" daemon [_thread_blocked, id=14064, stack(0x000000ae16000000,0x000000ae16100000)]
  0x0000028b5d116800 JavaThread "C2 CompilerThread0" daemon [_thread_blocked, id=19260, stack(0x000000ae16100000,0x000000ae16200000)]
  0x0000028b5d118000 JavaThread "C1 CompilerThread0" daemon [_thread_blocked, id=9680, stack(0x000000ae16200000,0x000000ae16300000)]
  0x0000028b5d119800 JavaThread "Sweeper thread" daemon [_thread_blocked, id=9764, stack(0x000000ae16300000,0x000000ae16400000)]
  0x0000028b5c846000 JavaThread "Common-Cleaner" daemon [_thread_blocked, id=3736, stack(0x000000ae16400000,0x000000ae16500000)]
  0x0000028b5d3ed000 JavaThread "Monitor Ctrl-Break" daemon [_thread_in_native, id=13248, stack(0x000000ae16600000,0x000000ae16700000)]
  0x0000028b60a0b000 JavaThread "mysql-cj-abandoned-connection-cleanup" daemon [_thread_blocked, id=17192, stack(0x000000ae16b00000,0x000000ae16c00000)]
  0x0000028b604a4000 JavaThread "HikariPool-1 housekeeper" daemon [_thread_blocked, id=3632, stack(0x000000ae16f00000,0x000000ae17000000)]
  0x0000028b5e463000 JavaThread "HikariPool-1 connection adder" daemon [_thread_blocked, id=9356, stack(0x000000ae17000000,0x000000ae17100000)]
  0x0000028b630f2800 JavaThread "C2 CompilerThread1" daemon [_thread_blocked, id=9312, stack(0x000000ae16500000,0x000000ae16600000)]

Other Threads:
=>0x0000028b5c88b800 VMThread "VM Thread" [stack: 0x000000ae15b00000,0x000000ae15c00000] [id=2104]
  0x0000028b5db0b000 WatcherThread [stack: 0x000000ae16700000,0x000000ae16800000] [id=3524]
  0x0000028b3dbed800 GCTaskThread "GC Thread#0" [stack: 0x000000ae15600000,0x000000ae15700000] [id=14684]
  0x0000028b5e017800 GCTaskThread "GC Thread#1" [stack: 0x000000ae16800000,0x000000ae16900000] [id=7684]
  0x0000028b5e018000 GCTaskThread "GC Thread#2" [stack: 0x000000ae16900000,0x000000ae16a00000] [id=1568]
  0x0000028b602ed800 GCTaskThread "GC Thread#3" [stack: 0x000000ae16c00000,0x000000ae16d00000] [id=14604]
  0x0000028b3dc1a000 ConcurrentGCThread "G1 Main Marker" [stack: 0x000000ae15700000,0x000000ae15800000] [id=18544]
  0x0000028b3dc1b800 ConcurrentGCThread "G1 Conc#0" [stack: 0x000000ae15800000,0x000000ae15900000] [id=14492]
  0x0000028b5e995800 ConcurrentGCThread "G1 Conc#1" [stack: 0x000000ae16a00000,0x000000ae16b00000] [id=17068]
  0x0000028b5c6f1800 ConcurrentGCThread "G1 Refine#0" [stack: 0x000000ae15900000,0x000000ae15a00000] [id=2460]
  0x0000028b5c6f2000 ConcurrentGCThread "G1 Young RemSet Sampling" [stack: 0x000000ae15a00000,0x000000ae15b00000] [id=18996]

Threads with active compile tasks:
C2 CompilerThread0  12568 5815       4       java.lang.reflect.Method::getGenericParameterTypes (5 bytes)
C1 CompilerThread0  12569 5833       3       java.lang.reflect.ProxyGenerator$ProxyMethod::codeWrapArgument (171 bytes)
C2 CompilerThread1  12569 5807       4       java.util.TreeMap::put (247 bytes)

VM state:at safepoint (normal execution)

VM Mutex/Monitor currently owned by a thread:  ([mutex/lock_event])
[0x0000028b3dbd2220] Threads_lock - owner thread: 0x0000028b5c88b800
[0x0000028b3dbd6880] Heap_lock - owner thread: 0x0000028b3dbd9000

Heap address: 0x0000000082800000, size: 2008 MB, Compressed Oops mode: 32-bit
Narrow klass base: 0x0000000000000000, Narrow klass shift: 3
Compressed class space size: 1073741824 Address: 0x0000000100000000

Heap:
 garbage-first heap   total 187392K, used 27416K [0x0000000082800000, 0x0000000100000000)
  region size 1024K, 6 young (6144K), 6 survivors (6144K)
 Metaspace       used 65705K, capacity 67240K, committed 67328K, reserved 1107968K
  class space    used 8291K, capacity 8901K, committed 8960K, reserved 1048576K
Heap Regions: E=young(eden), S=young(survivor), O=old, HS=humongous(starts), HC=humongous(continues), CS=collection set, F=free, A=archive, TAMS=top-at-mark-start (previous, next)
|   0|0x0000000082800000, 0x0000000082900000, 0x0000000082900000|100%|HS|  |TAMS 0x0000000082900000, 0x0000000082800000| Complete 
|   1|0x0000000082900000, 0x0000000082a00000, 0x0000000082a00000|100%| O|  |TAMS 0x0000000082a00000, 0x0000000082900000| Untracked 
|   2|0x0000000082a00000, 0x0000000082b00000, 0x0000000082b00000|100%| O|  |TAMS 0x0000000082b00000, 0x0000000082a00000| Untracked 
|   3|0x0000000082b00000, 0x0000000082c00000, 0x0000000082c00000|100%| O|  |TAMS 0x0000000082c00000, 0x0000000082b00000| Untracked 
|   4|0x0000000082c00000, 0x0000000082d00000, 0x0000000082d00000|100%| O|  |TAMS 0x0000000082d00000, 0x0000000082c00000| Untracked 
|   5|0x0000000082d00000, 0x0000000082e00000, 0x0000000082e00000|100%| O|  |TAMS 0x0000000082e00000, 0x0000000082d00000| Untracked 
|   6|0x0000000082e00000, 0x0000000082f00000, 0x0000000082f00000|100%| O|  |TAMS 0x0000000082f00000, 0x0000000082e00000| Untracked 
|   7|0x0000000082f00000, 0x0000000083000000, 0x0000000083000000|100%| O|  |TAMS 0x0000000083000000, 0x0000000082f00000| Untracked 
|   8|0x0000000083000000, 0x0000000083100000, 0x0000000083100000|100%| O|  |TAMS 0x0000000083100000, 0x0000000083000000| Untracked 
|   9|0x0000000083100000, 0x0000000083200000, 0x0000000083200000|100%| O|  |TAMS 0x0000000083200000, 0x0000000083100000| Untracked 
|  10|0x0000000083200000, 0x0000000083300000, 0x0000000083300000|100%| O|  |TAMS 0x0000000083300000, 0x0000000083200000| Untracked 
|  11|0x0000000083300000, 0x0000000083400000, 0x0000000083400000|100%| O|  |TAMS 0x0000000083400000, 0x0000000083300000| Untracked 
|  12|0x0000000083400000, 0x0000000083500000, 0x0000000083500000|100%| O|  |TAMS 0x0000000083500000, 0x0000000083400000| Untracked 
|  13|0x0000000083500000, 0x0000000083600000, 0x0000000083600000|100%| O|  |TAMS 0x0000000083600000, 0x0000000083500000| Untracked 
|  14|0x0000000083600000, 0x0000000083700000, 0x0000000083700000|100%| O|  |TAMS 0x0000000083700000, 0x0000000083600000| Untracked 
|  15|0x0000000083700000, 0x0000000083800000, 0x0000000083800000|100%| O|  |TAMS 0x0000000083800000, 0x0000000083700000| Untracked 
|  16|0x0000000083800000, 0x0000000083900000, 0x0000000083900000|100%| O|  |TAMS 0x0000000083900000, 0x0000000083800000| Untracked 
|  17|0x0000000083900000, 0x0000000083a00000, 0x0000000083a00000|100%| O|  |TAMS 0x0000000083a00000, 0x0000000083900000| Untracked 
|  18|0x0000000083a00000, 0x0000000083b00000, 0x0000000083b00000|100%| O|  |TAMS 0x0000000083b00000, 0x0000000083a00000| Untracked 
|  19|0x0000000083b00000, 0x0000000083c00000, 0x0000000083c00000|100%| O|  |TAMS 0x0000000083c00000, 0x0000000083b00000| Untracked 
|  20|0x0000000083c00000, 0x0000000083d00000, 0x0000000083d00000|100%| O|  |TAMS 0x0000000083d00000, 0x0000000083c00000| Untracked 
|  21|0x0000000083d00000, 0x0000000083d7ce00, 0x0000000083e00000| 48%| O|  |TAMS 0x0000000083d7ce00, 0x0000000083d00000| Untracked 
|  22|0x0000000083e00000, 0x0000000083e00000, 0x0000000083f00000|  0%| F|  |TAMS 0x0000000083e00000, 0x0000000083e00000| Untracked 
|  23|0x0000000083f00000, 0x0000000083f00000, 0x0000000084000000|  0%| F|  |TAMS 0x0000000083f00000, 0x0000000083f00000| Untracked 
|  24|0x0000000084000000, 0x0000000084000000, 0x0000000084100000|  0%| F|  |TAMS 0x0000000084000000, 0x0000000084000000| Untracked 
|  25|0x0000000084100000, 0x0000000084100000, 0x0000000084200000|  0%| F|  |TAMS 0x0000000084100000, 0x0000000084100000| Untracked 
|  26|0x0000000084200000, 0x0000000084200000, 0x0000000084300000|  0%| F|  |TAMS 0x0000000084200000, 0x0000000084200000| Untracked 
|  27|0x0000000084300000, 0x0000000084300000, 0x0000000084400000|  0%| F|  |TAMS 0x0000000084300000, 0x0000000084300000| Untracked 
|  28|0x0000000084400000, 0x0000000084400000, 0x0000000084500000|  0%| F|  |TAMS 0x0000000084400000, 0x0000000084400000| Untracked 
|  29|0x0000000084500000, 0x0000000084500000, 0x0000000084600000|  0%| F|  |TAMS 0x0000000084500000, 0x0000000084500000| Untracked 
|  30|0x0000000084600000, 0x0000000084600000, 0x0000000084700000|  0%| F|  |TAMS 0x0000000084600000, 0x0000000084600000| Untracked 
|  31|0x0000000084700000, 0x0000000084700000, 0x0000000084800000|  0%| F|  |TAMS 0x0000000084700000, 0x0000000084700000| Untracked 
|  32|0x0000000084800000, 0x0000000084800000, 0x0000000084900000|  0%| F|  |TAMS 0x0000000084800000, 0x0000000084800000| Untracked 
|  33|0x0000000084900000, 0x0000000084900000, 0x0000000084a00000|  0%| F|  |TAMS 0x0000000084900000, 0x0000000084900000| Untracked 
|  34|0x0000000084a00000, 0x0000000084a00000, 0x0000000084b00000|  0%| F|  |TAMS 0x0000000084a00000, 0x0000000084a00000| Untracked 
|  35|0x0000000084b00000, 0x0000000084b00000, 0x0000000084c00000|  0%| F|  |TAMS 0x0000000084b00000, 0x0000000084b00000| Untracked 
|  36|0x0000000084c00000, 0x0000000084c00000, 0x0000000084d00000|  0%| F|  |TAMS 0x0000000084c00000, 0x0000000084c00000| Untracked 
|  37|0x0000000084d00000, 0x0000000084d00000, 0x0000000084e00000|  0%| F|  |TAMS 0x0000000084d00000, 0x0000000084d00000| Untracked 
|  38|0x0000000084e00000, 0x0000000084e00000, 0x0000000084f00000|  0%| F|  |TAMS 0x0000000084e00000, 0x0000000084e00000| Untracked 
|  39|0x0000000084f00000, 0x0000000084f00000, 0x0000000085000000|  0%| F|  |TAMS 0x0000000084f00000, 0x0000000084f00000| Untracked 
|  40|0x0000000085000000, 0x0000000085000000, 0x0000000085100000|  0%| F|  |TAMS 0x0000000085000000, 0x0000000085000000| Untracked 
|  41|0x0000000085100000, 0x0000000085100000, 0x0000000085200000|  0%| F|  |TAMS 0x0000000085100000, 0x0000000085100000| Untracked 
|  42|0x0000000085200000, 0x0000000085200000, 0x0000000085300000|  0%| F|  |TAMS 0x0000000085200000, 0x0000000085200000| Untracked 
|  43|0x0000000085300000, 0x0000000085300000, 0x0000000085400000|  0%| F|  |TAMS 0x0000000085300000, 0x0000000085300000| Untracked 
|  44|0x0000000085400000, 0x0000000085400000, 0x0000000085500000|  0%| F|  |TAMS 0x0000000085400000, 0x0000000085400000| Untracked 
|  45|0x0000000085500000, 0x0000000085500000, 0x0000000085600000|  0%| F|  |TAMS 0x0000000085500000, 0x0000000085500000| Untracked 
|  46|0x0000000085600000, 0x0000000085600000, 0x0000000085700000|  0%| F|  |TAMS 0x0000000085600000, 0x0000000085600000| Untracked 
|  47|0x0000000085700000, 0x0000000085700000, 0x0000000085800000|  0%| F|  |TAMS 0x0000000085700000, 0x0000000085700000| Untracked 
|  48|0x0000000085800000, 0x0000000085800000, 0x0000000085900000|  0%| F|  |TAMS 0x0000000085800000, 0x0000000085800000| Untracked 
|  49|0x0000000085900000, 0x0000000085900000, 0x0000000085a00000|  0%| F|  |TAMS 0x0000000085900000, 0x0000000085900000| Untracked 
|  50|0x0000000085a00000, 0x0000000085a00000, 0x0000000085b00000|  0%| F|  |TAMS 0x0000000085a00000, 0x0000000085a00000| Untracked 
|  51|0x0000000085b00000, 0x0000000085b00000, 0x0000000085c00000|  0%| F|  |TAMS 0x0000000085b00000, 0x0000000085b00000| Untracked 
|  52|0x0000000085c00000, 0x0000000085c00000, 0x0000000085d00000|  0%| F|  |TAMS 0x0000000085c00000, 0x0000000085c00000| Untracked 
|  53|0x0000000085d00000, 0x0000000085d00000, 0x0000000085e00000|  0%| F|  |TAMS 0x0000000085d00000, 0x0000000085d00000| Untracked 
|  54|0x0000000085e00000, 0x0000000085e00000, 0x0000000085f00000|  0%| F|  |TAMS 0x0000000085e00000, 0x0000000085e00000| Untracked 
|  55|0x0000000085f00000, 0x0000000085f00000, 0x0000000086000000|  0%| F|  |TAMS 0x0000000085f00000, 0x0000000085f00000| Untracked 
|  56|0x0000000086000000, 0x0000000086000000, 0x0000000086100000|  0%| F|  |TAMS 0x0000000086000000, 0x0000000086000000| Untracked 
|  57|0x0000000086100000, 0x0000000086100000, 0x0000000086200000|  0%| F|  |TAMS 0x0000000086100000, 0x0000000086100000| Untracked 
|  58|0x0000000086200000, 0x0000000086200000, 0x0000000086300000|  0%| F|  |TAMS 0x0000000086200000, 0x0000000086200000| Untracked 
|  59|0x0000000086300000, 0x0000000086300000, 0x0000000086400000|  0%| F|  |TAMS 0x0000000086300000, 0x0000000086300000| Untracked 
|  60|0x0000000086400000, 0x0000000086400000, 0x0000000086500000|  0%| F|  |TAMS 0x0000000086400000, 0x0000000086400000| Untracked 
|  61|0x0000000086500000, 0x0000000086500000, 0x0000000086600000|  0%| F|  |TAMS 0x0000000086500000, 0x0000000086500000| Untracked 
|  62|0x0000000086600000, 0x0000000086600000, 0x0000000086700000|  0%| F|  |TAMS 0x0000000086600000, 0x0000000086600000| Untracked 
|  63|0x0000000086700000, 0x0000000086700000, 0x0000000086800000|  0%| F|  |TAMS 0x0000000086700000, 0x0000000086700000| Untracked 
|  64|0x0000000086800000, 0x0000000086800000, 0x0000000086900000|  0%| F|  |TAMS 0x0000000086800000, 0x0000000086800000| Untracked 
|  65|0x0000000086900000, 0x0000000086900000, 0x0000000086a00000|  0%| F|  |TAMS 0x0000000086900000, 0x0000000086900000| Untracked 
|  66|0x0000000086a00000, 0x0000000086a00000, 0x0000000086b00000|  0%| F|  |TAMS 0x0000000086a00000, 0x0000000086a00000| Untracked 
|  67|0x0000000086b00000, 0x0000000086b00000, 0x0000000086c00000|  0%| F|  |TAMS 0x0000000086b00000, 0x0000000086b00000| Untracked 
|  68|0x0000000086c00000, 0x0000000086c00000, 0x0000000086d00000|  0%| F|  |TAMS 0x0000000086c00000, 0x0000000086c00000| Untracked 
|  69|0x0000000086d00000, 0x0000000086d00000, 0x0000000086e00000|  0%| F|  |TAMS 0x0000000086d00000, 0x0000000086d00000| Untracked 
|  70|0x0000000086e00000, 0x0000000086e00000, 0x0000000086f00000|  0%| F|  |TAMS 0x0000000086e00000, 0x0000000086e00000| Untracked 
|  71|0x0000000086f00000, 0x0000000086f00000, 0x0000000087000000|  0%| F|  |TAMS 0x0000000086f00000, 0x0000000086f00000| Untracked 
|  72|0x0000000087000000, 0x0000000087000000, 0x0000000087100000|  0%| F|  |TAMS 0x0000000087000000, 0x0000000087000000| Untracked 
|  73|0x0000000087100000, 0x0000000087100000, 0x0000000087200000|  0%| F|  |TAMS 0x0000000087100000, 0x0000000087100000| Untracked 
|  74|0x0000000087200000, 0x0000000087200000, 0x0000000087300000|  0%| F|  |TAMS 0x0000000087200000, 0x0000000087200000| Untracked 
|  75|0x0000000087300000, 0x0000000087349500, 0x0000000087400000| 28%| S|CS|TAMS 0x0000000087300000, 0x0000000087300000| Complete 
|  76|0x0000000087400000, 0x0000000087500000, 0x0000000087500000|100%| S|CS|TAMS 0x0000000087400000, 0x0000000087400000| Complete 
|  77|0x0000000087500000, 0x0000000087600000, 0x0000000087600000|100%| S|CS|TAMS 0x0000000087500000, 0x0000000087500000| Complete 
|  78|0x0000000087600000, 0x0000000087700000, 0x0000000087700000|100%| S|CS|TAMS 0x0000000087600000, 0x0000000087600000| Complete 
|  79|0x0000000087700000, 0x0000000087800000, 0x0000000087800000|100%| S|CS|TAMS 0x0000000087700000, 0x0000000087700000| Complete 
|  80|0x0000000087800000, 0x0000000087900000, 0x0000000087900000|100%| S|CS|TAMS 0x0000000087800000, 0x0000000087800000| Complete 
|  81|0x0000000087900000, 0x0000000087900000, 0x0000000087a00000|  0%| F|  |TAMS 0x0000000087900000, 0x0000000087900000| Untracked 
|  82|0x0000000087a00000, 0x0000000087a00000, 0x0000000087b00000|  0%| F|  |TAMS 0x0000000087a00000, 0x0000000087a00000| Untracked 
|  83|0x0000000087b00000, 0x0000000087b00000, 0x0000000087c00000|  0%| F|  |TAMS 0x0000000087b00000, 0x0000000087b00000| Untracked 
|  84|0x0000000087c00000, 0x0000000087c00000, 0x0000000087d00000|  0%| F|  |TAMS 0x0000000087c00000, 0x0000000087c00000| Untracked 
|  85|0x0000000087d00000, 0x0000000087d00000, 0x0000000087e00000|  0%| F|  |TAMS 0x0000000087d00000, 0x0000000087d00000| Untracked 
|  86|0x0000000087e00000, 0x0000000087e00000, 0x0000000087f00000|  0%| F|  |TAMS 0x0000000087e00000, 0x0000000087e00000| Untracked 
|  87|0x0000000087f00000, 0x0000000087f00000, 0x0000000088000000|  0%| F|  |TAMS 0x0000000087f00000, 0x0000000087f00000| Untracked 
|  88|0x0000000088000000, 0x0000000088000000, 0x0000000088100000|  0%| F|  |TAMS 0x0000000088000000, 0x0000000088000000| Untracked 
|  89|0x0000000088100000, 0x0000000088100000, 0x0000000088200000|  0%| F|  |TAMS 0x0000000088100000, 0x0000000088100000| Untracked 
|  90|0x0000000088200000, 0x0000000088200000, 0x0000000088300000|  0%| F|  |TAMS 0x0000000088200000, 0x0000000088200000| Untracked 
|  91|0x0000000088300000, 0x0000000088300000, 0x0000000088400000|  0%| F|  |TAMS 0x0000000088300000, 0x0000000088300000| Untracked 
|  92|0x0000000088400000, 0x0000000088400000, 0x0000000088500000|  0%| F|  |TAMS 0x0000000088400000, 0x0000000088400000| Untracked 
|  93|0x0000000088500000, 0x0000000088500000, 0x0000000088600000|  0%| F|  |TAMS 0x0000000088500000, 0x0000000088500000| Untracked 
|  94|0x0000000088600000, 0x0000000088600000, 0x0000000088700000|  0%| F|  |TAMS 0x0000000088600000, 0x0000000088600000| Untracked 
|  95|0x0000000088700000, 0x0000000088700000, 0x0000000088800000|  0%| F|  |TAMS 0x0000000088700000, 0x0000000088700000| Untracked 
|  96|0x0000000088800000, 0x0000000088800000, 0x0000000088900000|  0%| F|  |TAMS 0x0000000088800000, 0x0000000088800000| Untracked 
|  97|0x0000000088900000, 0x0000000088900000, 0x0000000088a00000|  0%| F|  |TAMS 0x0000000088900000, 0x0000000088900000| Untracked 
|  98|0x0000000088a00000, 0x0000000088a00000, 0x0000000088b00000|  0%| F|  |TAMS 0x0000000088a00000, 0x0000000088a00000| Untracked 
|  99|0x0000000088b00000, 0x0000000088b00000, 0x0000000088c00000|  0%| F|  |TAMS 0x0000000088b00000, 0x0000000088b00000| Untracked 
| 100|0x0000000088c00000, 0x0000000088c00000, 0x0000000088d00000|  0%| F|  |TAMS 0x0000000088c00000, 0x0000000088c00000| Untracked 
| 101|0x0000000088d00000, 0x0000000088d00000, 0x0000000088e00000|  0%| F|  |TAMS 0x0000000088d00000, 0x0000000088d00000| Untracked 
| 102|0x0000000088e00000, 0x0000000088e00000, 0x0000000088f00000|  0%| F|  |TAMS 0x0000000088e00000, 0x0000000088e00000| Untracked 
| 103|0x0000000088f00000, 0x0000000088f00000, 0x0000000089000000|  0%| F|  |TAMS 0x0000000088f00000, 0x0000000088f00000| Untracked 
| 104|0x0000000089000000, 0x0000000089000000, 0x0000000089100000|  0%| F|  |TAMS 0x0000000089000000, 0x0000000089000000| Untracked 
| 105|0x0000000089100000, 0x0000000089100000, 0x0000000089200000|  0%| F|  |TAMS 0x0000000089100000, 0x0000000089100000| Untracked 
| 106|0x0000000089200000, 0x0000000089200000, 0x0000000089300000|  0%| F|  |TAMS 0x0000000089200000, 0x0000000089200000| Untracked 
| 107|0x0000000089300000, 0x0000000089300000, 0x0000000089400000|  0%| F|  |TAMS 0x0000000089300000, 0x0000000089300000| Untracked 
| 108|0x0000000089400000, 0x0000000089400000, 0x0000000089500000|  0%| F|  |TAMS 0x0000000089400000, 0x0000000089400000| Untracked 
| 109|0x0000000089500000, 0x0000000089500000, 0x0000000089600000|  0%| F|  |TAMS 0x0000000089500000, 0x0000000089500000| Untracked 
| 110|0x0000000089600000, 0x0000000089600000, 0x0000000089700000|  0%| F|  |TAMS 0x0000000089600000, 0x0000000089600000| Untracked 
| 111|0x0000000089700000, 0x0000000089700000, 0x0000000089800000|  0%| F|  |TAMS 0x0000000089700000, 0x0000000089700000| Untracked 
| 112|0x0000000089800000, 0x0000000089800000, 0x0000000089900000|  0%| F|  |TAMS 0x0000000089800000, 0x0000000089800000| Untracked 
| 113|0x0000000089900000, 0x0000000089900000, 0x0000000089a00000|  0%| F|  |TAMS 0x0000000089900000, 0x0000000089900000| Untracked 
| 114|0x0000000089a00000, 0x0000000089a00000, 0x0000000089b00000|  0%| F|  |TAMS 0x0000000089a00000, 0x0000000089a00000| Untracked 
| 115|0x0000000089b00000, 0x0000000089b00000, 0x0000000089c00000|  0%| F|  |TAMS 0x0000000089b00000, 0x0000000089b00000| Untracked 
| 116|0x0000000089c00000, 0x0000000089c00000, 0x0000000089d00000|  0%| F|  |TAMS 0x0000000089c00000, 0x0000000089c00000| Untracked 
| 117|0x0000000089d00000, 0x0000000089d00000, 0x0000000089e00000|  0%| F|  |TAMS 0x0000000089d00000, 0x0000000089d00000| Untracked 
| 118|0x0000000089e00000, 0x0000000089e00000, 0x0000000089f00000|  0%| F|  |TAMS 0x0000000089e00000, 0x0000000089e00000| Untracked 
| 119|0x0000000089f00000, 0x0000000089f00000, 0x000000008a000000|  0%| F|  |TAMS 0x0000000089f00000, 0x0000000089f00000| Untracked 
| 120|0x000000008a000000, 0x000000008a000000, 0x000000008a100000|  0%| F|  |TAMS 0x000000008a000000, 0x000000008a000000| Untracked 
| 121|0x000000008a100000, 0x000000008a100000, 0x000000008a200000|  0%| F|  |TAMS 0x000000008a100000, 0x000000008a100000| Untracked 
| 122|0x000000008a200000, 0x000000008a200000, 0x000000008a300000|  0%| F|  |TAMS 0x000000008a200000, 0x000000008a200000| Untracked 
| 123|0x000000008a300000, 0x000000008a300000, 0x000000008a400000|  0%| F|  |TAMS 0x000000008a300000, 0x000000008a300000| Untracked 
| 124|0x000000008a400000, 0x000000008a400000, 0x000000008a500000|  0%| F|  |TAMS 0x000000008a400000, 0x000000008a400000| Untracked 
| 125|0x000000008a500000, 0x000000008a500000, 0x000000008a600000|  0%| F|  |TAMS 0x000000008a500000, 0x000000008a500000| Untracked 
| 126|0x000000008a600000, 0x000000008a600000, 0x000000008a700000|  0%| F|  |TAMS 0x000000008a600000, 0x000000008a600000| Untracked 
| 127|0x000000008a700000, 0x000000008a700000, 0x000000008a800000|  0%| F|  |TAMS 0x000000008a700000, 0x000000008a700000| Untracked 
| 128|0x000000008a800000, 0x000000008a800000, 0x000000008a900000|  0%| F|  |TAMS 0x000000008a800000, 0x000000008a800000| Untracked 
| 129|0x000000008a900000, 0x000000008a900000, 0x000000008aa00000|  0%| F|  |TAMS 0x000000008a900000, 0x000000008a900000| Untracked 
| 130|0x000000008aa00000, 0x000000008aa00000, 0x000000008ab00000|  0%| F|  |TAMS 0x000000008aa00000, 0x000000008aa00000| Untracked 
| 131|0x000000008ab00000, 0x000000008ab00000, 0x000000008ac00000|  0%| F|  |TAMS 0x000000008ab00000, 0x000000008ab00000| Untracked 
| 132|0x000000008ac00000, 0x000000008ac00000, 0x000000008ad00000|  0%| F|  |TAMS 0x000000008ac00000, 0x000000008ac00000| Untracked 
| 133|0x000000008ad00000, 0x000000008ad00000, 0x000000008ae00000|  0%| F|  |TAMS 0x000000008ad00000, 0x000000008ad00000| Untracked 
| 134|0x000000008ae00000, 0x000000008ae00000, 0x000000008af00000|  0%| F|  |TAMS 0x000000008ae00000, 0x000000008ae00000| Untracked 
| 135|0x000000008af00000, 0x000000008af00000, 0x000000008b000000|  0%| F|  |TAMS 0x000000008af00000, 0x000000008af00000| Untracked 
| 136|0x000000008b000000, 0x000000008b000000, 0x000000008b100000|  0%| F|  |TAMS 0x000000008b000000, 0x000000008b000000| Untracked 
| 137|0x000000008b100000, 0x000000008b100000, 0x000000008b200000|  0%| F|  |TAMS 0x000000008b100000, 0x000000008b100000| Untracked 
| 138|0x000000008b200000, 0x000000008b200000, 0x000000008b300000|  0%| F|  |TAMS 0x000000008b200000, 0x000000008b200000| Untracked 
| 139|0x000000008b300000, 0x000000008b300000, 0x000000008b400000|  0%| F|  |TAMS 0x000000008b300000, 0x000000008b300000| Untracked 
| 140|0x000000008b400000, 0x000000008b400000, 0x000000008b500000|  0%| F|  |TAMS 0x000000008b400000, 0x000000008b400000| Untracked 
| 141|0x000000008b500000, 0x000000008b500000, 0x000000008b600000|  0%| F|  |TAMS 0x000000008b500000, 0x000000008b500000| Untracked 
| 142|0x000000008b600000, 0x000000008b600000, 0x000000008b700000|  0%| F|  |TAMS 0x000000008b600000, 0x000000008b600000| Untracked 
| 143|0x000000008b700000, 0x000000008b700000, 0x000000008b800000|  0%| F|  |TAMS 0x000000008b700000, 0x000000008b700000| Untracked 
| 144|0x000000008b800000, 0x000000008b800000, 0x000000008b900000|  0%| F|  |TAMS 0x000000008b800000, 0x000000008b800000| Untracked 
| 145|0x000000008b900000, 0x000000008b900000, 0x000000008ba00000|  0%| F|  |TAMS 0x000000008b900000, 0x000000008b900000| Untracked 
| 146|0x000000008ba00000, 0x000000008ba00000, 0x000000008bb00000|  0%| F|  |TAMS 0x000000008ba00000, 0x000000008ba00000| Untracked 
| 147|0x000000008bb00000, 0x000000008bb00000, 0x000000008bc00000|  0%| F|  |TAMS 0x000000008bb00000, 0x000000008bb00000| Untracked 
| 148|0x000000008bc00000, 0x000000008bc00000, 0x000000008bd00000|  0%| F|  |TAMS 0x000000008bc00000, 0x000000008bc00000| Untracked 
| 149|0x000000008bd00000, 0x000000008bd00000, 0x000000008be00000|  0%| F|  |TAMS 0x000000008bd00000, 0x000000008bd00000| Untracked 
| 150|0x000000008be00000, 0x000000008be00000, 0x000000008bf00000|  0%| F|  |TAMS 0x000000008be00000, 0x000000008be00000| Untracked 
| 151|0x000000008bf00000, 0x000000008bf00000, 0x000000008c000000|  0%| F|  |TAMS 0x000000008bf00000, 0x000000008bf00000| Untracked 

Card table byte_map: [0x0000028b55770000,0x0000028b55b60000] _byte_map_base: 0x0000028b5535c000

Marking Bits (Prev, Next): (CMBitMap*) 0x0000028b3dbf7860, (CMBitMap*) 0x0000028b3dbf7828
 Prev Bits: [0x0000028b57eb0000, 0x0000028b59e10000)
 Next Bits: [0x0000028b55f50000, 0x0000028b57eb0000)

Polling page: 0x0000028b3d370000

Metaspace:

Usage:
  Non-class:     56.97 MB capacity,    56.07 MB ( 98%) used,   725.48 KB (  1%) free+waste,   199.19 KB ( <1%) overhead. 
      Class:      8.69 MB capacity,     8.10 MB ( 93%) used,   515.80 KB (  6%) free+waste,    93.75 KB (  1%) overhead. 
       Both:     65.66 MB capacity,    64.17 MB ( 98%) used,     1.21 MB (  2%) free+waste,   292.94 KB ( <1%) overhead. 

Virtual space:
  Non-class space:       58.00 MB reserved,      57.00 MB ( 98%) committed 
      Class space:        1.00 GB reserved,       8.75 MB ( <1%) committed 
             Both:        1.06 GB reserved,      65.75 MB (  6%) committed 

Chunk freelists:
   Non-Class:  3.63 KB
       Class:  3.38 KB
        Both:  7.00 KB

CodeHeap 'non-profiled nmethods': size=120000Kb used=3406Kb max_used=3406Kb free=116593Kb
 bounds [0x0000028b4db20000, 0x0000028b4de80000, 0x0000028b55050000]
CodeHeap 'profiled nmethods': size=120000Kb used=13492Kb max_used=13492Kb free=106507Kb
 bounds [0x0000028b465f0000, 0x0000028b47320000, 0x0000028b4db20000]
CodeHeap 'non-nmethods': size=5760Kb used=1239Kb max_used=1300Kb free=4520Kb
 bounds [0x0000028b46050000, 0x0000028b462c0000, 0x0000028b465f0000]
 total_blobs=6415 nmethods=5795 adapters=531
 compilation: enabled
              stopped_count=0, restarted_count=0
 full_count=0

Compilation events (10 events):
Event: 12.485 Thread 0x0000028b5d118000 nmethod 5831 0x0000028b4731d010 code [0x0000028b4731d1c0, 0x0000028b4731d2c8]
Event: 12.504 Thread 0x0000028b5d116800 nmethod 5793 0x0000028b4de6c690 code [0x0000028b4de6c9c0, 0x0000028b4de70a28]
Event: 12.504 Thread 0x0000028b5d116800 5826       4       java.util.ArrayList::toArray (57 bytes)
Event: 12.511 Thread 0x0000028b5d116800 nmethod 5826 0x0000028b4de72a90 code [0x0000028b4de72c20, 0x0000028b4de731b8]
Event: 12.511 Thread 0x0000028b5d116800 5825       4       java.util.Collections$EmptyMap::values (4 bytes)
Event: 12.511 Thread 0x0000028b5d116800 nmethod 5825 0x0000028b4de73390 code [0x0000028b4de73520, 0x0000028b4de73598]
Event: 12.511 Thread 0x0000028b5d116800 5810       4       java.util.Collections$EmptySet::toArray (11 bytes)
Event: 12.512 Thread 0x0000028b5d116800 nmethod 5810 0x0000028b4de73610 code [0x0000028b4de737a0, 0x0000028b4de73838]
Event: 12.512 Thread 0x0000028b5d116800 5815       4       java.lang.reflect.Method::getGenericParameterTypes (5 bytes)
Event: 12.513 Thread 0x0000028b5d118000 5833       3       java.lang.reflect.ProxyGenerator$ProxyMethod::codeWrapArgument (171 bytes)

GC Heap History (10 events):
Event: 5.008 GC heap after
{Heap after GC invocations=8 (full 0):
 garbage-first heap   total 129024K, used 15079K [0x0000000082800000, 0x0000000100000000)
  region size 1024K, 5 young (5120K), 5 survivors (5120K)
 Metaspace       used 34767K, capacity 35780K, committed 35840K, reserved 1081344K
  class space    used 4138K, capacity 4555K, committed 4608K, reserved 1048576K
}
Event: 6.539 GC heap before
{Heap before GC invocations=9 (full 0):
 garbage-first heap   total 129024K, used 73447K [0x0000000082800000, 0x0000000100000000)
  region size 1024K, 62 young (63488K), 5 survivors (5120K)
 Metaspace       used 39211K, capacity 40469K, committed 40704K, reserved 1085440K
  class space    used 4773K, capacity 5274K, committed 5376K, reserved 1048576K
}
Event: 6.556 GC heap after
{Heap after GC invocations=10 (full 0):
 garbage-first heap   total 155648K, used 17562K [0x0000000082800000, 0x0000000100000000)
  region size 1024K, 6 young (6144K), 6 survivors (6144K)
 Metaspace       used 39211K, capacity 40469K, committed 40704K, reserved 1085440K
  class space    used 4773K, capacity 5274K, committed 5376K, reserved 1048576K
}
Event: 8.923 GC heap before
{Heap before GC invocations=10 (full 0):
 garbage-first heap   total 155648K, used 91290K [0x0000000082800000, 0x0000000100000000)
  region size 1024K, 78 young (79872K), 6 survivors (6144K)
 Metaspace       used 48575K, capacity 49968K, committed 50176K, reserved 1093632K
  class space    used 5986K, capacity 6564K, committed 6656K, reserved 1048576K
}
Event: 8.938 GC heap after
{Heap after GC invocations=11 (full 0):
 garbage-first heap   total 155648K, used 22132K [0x0000000082800000, 0x0000000100000000)
  region size 1024K, 10 young (10240K), 10 survivors (10240K)
 Metaspace       used 48575K, capacity 49968K, committed 50176K, reserved 1093632K
  class space    used 5986K, capacity 6564K, committed 6656K, reserved 1048576K
}
Event: 10.712 GC heap before
{Heap before GC invocations=11 (full 0):
 garbage-first heap   total 155648K, used 96884K [0x0000000082800000, 0x0000000100000000)
  region size 1024K, 83 young (84992K), 10 survivors (10240K)
 Metaspace       used 58511K, capacity 59983K, committed 60160K, reserved 1101824K
  class space    used 7277K, capacity 7856K, committed 7936K, reserved 1048576K
}
Event: 10.732 GC heap after
{Heap after GC invocations=12 (full 0):
 garbage-first heap   total 155648K, used 25649K [0x0000000082800000, 0x0000000100000000)
  region size 1024K, 8 young (8192K), 8 survivors (8192K)
 Metaspace       used 58511K, capacity 59983K, committed 60160K, reserved 1101824K
  class space    used 7277K, capacity 7856K, committed 7936K, reserved 1048576K
}
Event: 10.778 GC heap before
{Heap before GC invocations=12 (full 0):
 garbage-first heap   total 155648K, used 26673K [0x0000000082800000, 0x0000000100000000)
  region size 1024K, 10 young (10240K), 8 survivors (8192K)
 Metaspace       used 58662K, capacity 60094K, committed 60160K, reserved 1101824K
  class space    used 7296K, capacity 7893K, committed 7936K, reserved 1048576K
}
Event: 10.792 GC heap after
{Heap after GC invocations=13 (full 0):
 garbage-first heap   total 155648K, used 26099K [0x0000000082800000, 0x0000000100000000)
  region size 1024K, 4 young (4096K), 4 survivors (4096K)
 Metaspace       used 58662K, capacity 60094K, committed 60160K, reserved 1101824K
  class space    used 7296K, capacity 7893K, committed 7936K, reserved 1048576K
}
Event: 12.516 GC heap before
{Heap before GC invocations=14 (full 0):
 garbage-first heap   total 155648K, used 94707K [0x0000000082800000, 0x0000000100000000)
  region size 1024K, 71 young (72704K), 4 survivors (4096K)
 Metaspace       used 65705K, capacity 67240K, committed 67328K, reserved 1107968K
  class space    used 8291K, capacity 8901K, committed 8960K, reserved 1048576K
}

Deoptimization events (10 events):
Event: 10.022 Thread 0x0000028b3dbd9000 Uncommon trap: reason=speculate_class_check action=maybe_recompile pc=0x0000028b4dda7e14 method=jdk.internal.loader.Resource.getBytes()[B @ 10 c2
Event: 12.152 Thread 0x0000028b3dbd9000 Uncommon trap: reason=unstable_if action=reinterpret pc=0x0000028b4dd74408 method=java.util.StringTokenizer.skipDelimiters(I)I @ 21 c2
Event: 12.152 Thread 0x0000028b3dbd9000 Uncommon trap: reason=unstable_if action=reinterpret pc=0x0000028b4dc95600 method=java.util.StringTokenizer.scanToken(I)I @ 96 c2
Event: 12.392 Thread 0x0000028b3dbd9000 Uncommon trap: reason=class_check action=make_not_entrant pc=0x0000028b4de321c0 method=java.util.ArrayList.toArray([Ljava/lang/Object;)[Ljava/lang/Object; @ 21 c2
Event: 12.410 Thread 0x0000028b3dbd9000 Uncommon trap: reason=class_check action=maybe_recompile pc=0x0000028b4dd44684 method=org.springframework.beans.factory.support.AbstractBeanFactory.isTypeMatch(Ljava/lang/String;Lorg/springframework/core/ResolvableType;Z)Z @ 53 c2
Event: 12.442 Thread 0x0000028b3dbd9000 Uncommon trap: reason=class_check action=maybe_recompile pc=0x0000028b4dd44684 method=org.springframework.beans.factory.support.AbstractBeanFactory.isTypeMatch(Ljava/lang/String;Lorg/springframework/core/ResolvableType;Z)Z @ 53 c2
Event: 12.444 Thread 0x0000028b3dbd9000 Uncommon trap: reason=class_check action=maybe_recompile pc=0x0000028b4dd44684 method=org.springframework.beans.factory.support.AbstractBeanFactory.isTypeMatch(Ljava/lang/String;Lorg/springframework/core/ResolvableType;Z)Z @ 53 c2
Event: 12.446 Thread 0x0000028b3dbd9000 Uncommon trap: reason=unstable_if action=reinterpret pc=0x0000028b4dcaa5ec method=org.springframework.beans.factory.support.AbstractAutowireCapableBeanFactory.determineTargetType(Ljava/lang/String;Lorg/springframework/beans/factory/support/RootBeanDefinit
Event: 12.459 Thread 0x0000028b3dbd9000 Uncommon trap: reason=unstable_if action=reinterpret pc=0x0000028b4dc3d314 method=java.lang.StringUTF16.compress([CII)[B @ 13 c2
Event: 12.489 Thread 0x0000028b3dbd9000 Uncommon trap: reason=unstable_if action=reinterpret pc=0x0000028b4dd7dff0 method=java.util.ArrayDeque.addLast(Ljava/lang/Object;)V @ 42 c2

Classes redefined (0 events):
No events

Internal exceptions (10 events):
Event: 12.455 Thread 0x0000028b3dbd9000 Exception <a 'java/lang/ClassNotFoundException'{0x0000000087c89978}: org/springframework/beans/factory/InitializingBeanCustomizer> (0x0000000087c89978) thrown at [./open/src/hotspot/share/classfile/systemDictionary.cpp, line 228]
Event: 12.460 Thread 0x0000028b3dbd9000 Exception <a 'java/lang/ClassNotFoundException'{0x0000000087cbc910}: java/lang/ObjectCustomizer> (0x0000000087cbc910) thrown at [./open/src/hotspot/share/classfile/systemDictionary.cpp, line 228]
Event: 12.461 Thread 0x0000028b3dbd9000 Exception <a 'java/lang/ClassNotFoundException'{0x0000000087cd6298}: org/springframework/data/repository/core/support/PropertiesBasedNamedQueriesCustomizer> (0x0000000087cd6298) thrown at [./open/src/hotspot/share/classfile/systemDictionary.cpp, line 228]
Event: 12.463 Thread 0x0000028b3dbd9000 Exception <a 'java/lang/ClassNotFoundException'{0x0000000087cebb78}: org/springframework/data/repository/core/NamedQueriesCustomizer> (0x0000000087cebb78) thrown at [./open/src/hotspot/share/classfile/systemDictionary.cpp, line 228]
Event: 12.470 Thread 0x0000028b3dbd9000 Exception <a 'java/lang/ClassNotFoundException'{0x0000000087b3e860}: java/lang/ObjectCustomizer> (0x0000000087b3e860) thrown at [./open/src/hotspot/share/classfile/systemDictionary.cpp, line 228]
Event: 12.471 Thread 0x0000028b3dbd9000 Exception <a 'java/lang/ClassNotFoundException'{0x0000000087b58398}: org/springframework/data/repository/core/support/RepositoryFragmentsFactoryBeanCustomizer> (0x0000000087b58398) thrown at [./open/src/hotspot/share/classfile/systemDictionary.cpp, line 2
Event: 12.473 Thread 0x0000028b3dbd9000 Exception <a 'java/lang/ClassNotFoundException'{0x0000000087b82aa8}: org/springframework/beans/factory/FactoryBeanCustomizer> (0x0000000087b82aa8) thrown at [./open/src/hotspot/share/classfile/systemDictionary.cpp, line 228]
Event: 12.474 Thread 0x0000028b3dbd9000 Exception <a 'java/lang/ClassNotFoundException'{0x0000000087b985f0}: org/springframework/beans/factory/BeanFactoryAwareCustomizer> (0x0000000087b985f0) thrown at [./open/src/hotspot/share/classfile/systemDictionary.cpp, line 228]
Event: 12.475 Thread 0x0000028b3dbd9000 Exception <a 'java/lang/ClassNotFoundException'{0x0000000087baa348}: org/springframework/beans/factory/AwareCustomizer> (0x0000000087baa348) thrown at [./open/src/hotspot/share/classfile/systemDictionary.cpp, line 228]
Event: 12.476 Thread 0x0000028b3dbd9000 Exception <a 'java/lang/ClassNotFoundException'{0x0000000087bbcd70}: org/springframework/beans/factory/InitializingBeanCustomizer> (0x0000000087bbcd70) thrown at [./open/src/hotspot/share/classfile/systemDictionary.cpp, line 228]

Events (10 events):
Event: 12.509 loading class javax/persistence/EntityTransaction done
Event: 12.510 loading class org/hibernate/jdbc/Work
Event: 12.510 loading class org/hibernate/jdbc/Work done
Event: 12.510 loading class org/hibernate/Criteria
Event: 12.510 loading class org/hibernate/Criteria done
Event: 12.510 loading class org/hibernate/criterion/CriteriaSpecification
Event: 12.510 loading class org/hibernate/criterion/CriteriaSpecification done
Event: 12.511 loading class org/hibernate/jdbc/ReturningWork
Event: 12.511 loading class org/hibernate/jdbc/ReturningWork done
Event: 12.515 Executing VM operation: G1CollectForAllocation


Dynamic libraries:
0x00007ff7b0640000 - 0x00007ff7b064f000 	C:\Program Files\Java\jdk-11.0.12\bin\java.exe
0x00007ffbfce20000 - 0x00007ffbfd029000 	C:\WINDOWS\SYSTEM32\ntdll.dll
0x00007ffbfae40000 - 0x00007ffbfaefd000 	C:\WINDOWS\System32\KERNEL32.DLL
0x00007ffbfa5a0000 - 0x00007ffbfa914000 	C:\WINDOWS\System32\KERNELBASE.dll
0x00007ffbfa9c0000 - 0x00007ffbfaad1000 	C:\WINDOWS\System32\ucrtbase.dll
0x00007ffbf7740000 - 0x00007ffbf7755000 	C:\Program Files\Java\jdk-11.0.12\bin\VCRUNTIME140.dll
0x00007ffbf7720000 - 0x00007ffbf7738000 	C:\Program Files\Java\jdk-11.0.12\bin\jli.dll
0x00007ffbfb1b0000 - 0x00007ffbfb25e000 	C:\WINDOWS\System32\ADVAPI32.dll
0x00007ffbfb0c0000 - 0x00007ffbfb163000 	C:\WINDOWS\System32\msvcrt.dll
0x00007ffbfba60000 - 0x00007ffbfbafe000 	C:\WINDOWS\System32\sechost.dll
0x00007ffbfaf90000 - 0x00007ffbfb0b0000 	C:\WINDOWS\System32\RPCRT4.dll
0x00007ffbfc210000 - 0x00007ffbfc3bc000 	C:\WINDOWS\System32\USER32.dll
0x00007ffbfa400000 - 0x00007ffbfa426000 	C:\WINDOWS\System32\win32u.dll
0x00007ffbfc3c0000 - 0x00007ffbfc3e9000 	C:\WINDOWS\System32\GDI32.dll
0x00007ffbe1180000 - 0x00007ffbe1425000 	C:\WINDOWS\WinSxS\amd64_microsoft.windows.common-controls_6595b64144ccf1df_6.0.22000.120_none_9d947278b86cc467\COMCTL32.dll
0x00007ffbfaae0000 - 0x00007ffbfabf2000 	C:\WINDOWS\System32\gdi32full.dll
0x00007ffbfa920000 - 0x00007ffbfa9bd000 	C:\WINDOWS\System32\msvcp_win.dll
0x00007ffbf3260000 - 0x00007ffbf326a000 	C:\WINDOWS\SYSTEM32\VERSION.dll
0x00007ffbfb170000 - 0x00007ffbfb1a1000 	C:\WINDOWS\System32\IMM32.DLL
0x00007ffbf8bc0000 - 0x00007ffbf8cc2000 	C:\Program Files\Avecto\Privilege Guard Client\PGHook.dll
0x0000000068000000 - 0x0000000068071000 	C:\WINDOWS\System32\QIPCAP64.dll
0x00007ffbfc630000 - 0x00007ffbfcddf000 	C:\WINDOWS\System32\SHELL32.dll
0x00007ffbf8f10000 - 0x00007ffbf8ff8000 	C:\WINDOWS\SYSTEM32\DNSAPI.dll
0x00007ffbf8ee0000 - 0x00007ffbf8f0d000 	C:\WINDOWS\SYSTEM32\IPHLPAPI.DLL
0x00007ffbfb9c0000 - 0x00007ffbfb9c9000 	C:\WINDOWS\System32\NSI.dll
0x00007ffbf6180000 - 0x00007ffbf621b000 	C:\Program Files\Java\jdk-11.0.12\bin\msvcp140.dll
0x00007ffb73f80000 - 0x00007ffb74a7f000 	C:\Program Files\Java\jdk-11.0.12\bin\server\jvm.dll
0x00007ffbfb310000 - 0x00007ffbfb318000 	C:\WINDOWS\System32\PSAPI.DLL
0x00007ffbe16e0000 - 0x00007ffbe16e9000 	C:\WINDOWS\SYSTEM32\WSOCK32.dll
0x00007ffbfbcc0000 - 0x00007ffbfbd2f000 	C:\WINDOWS\System32\WS2_32.dll
0x00007ffbf31c0000 - 0x00007ffbf31f3000 	C:\WINDOWS\SYSTEM32\WINMM.dll
0x00007ffbf93b0000 - 0x00007ffbf93c8000 	C:\WINDOWS\SYSTEM32\kernel.appcore.dll
0x00007ffbf7710000 - 0x00007ffbf7720000 	C:\Program Files\Java\jdk-11.0.12\bin\verify.dll
0x00007ffbe47a0000 - 0x00007ffbe49c1000 	C:\WINDOWS\SYSTEM32\DBGHELP.DLL
0x00007ffbddd00000 - 0x00007ffbddd31000 	C:\WINDOWS\SYSTEM32\dbgcore.DLL
0x00007ffbfa380000 - 0x00007ffbfa3ff000 	C:\WINDOWS\System32\bcryptPrimitives.dll
0x00007ffbf6150000 - 0x00007ffbf6178000 	C:\Program Files\Java\jdk-11.0.12\bin\java.dll
0x00007ffbf6140000 - 0x00007ffbf614a000 	C:\Program Files\Java\jdk-11.0.12\bin\jimage.dll
0x00007ffbf60f0000 - 0x00007ffbf60fe000 	C:\Program Files\Java\jdk-11.0.12\bin\instrument.dll
0x00007ffbf6120000 - 0x00007ffbf6136000 	C:\Program Files\Java\jdk-11.0.12\bin\zip.dll
0x00007ffbf8220000 - 0x00007ffbf8a88000 	C:\WINDOWS\SYSTEM32\windows.storage.dll
0x0000028b5d5c0000 - 0x0000028b5d938000 	C:\WINDOWS\System32\combase.dll
0x00007ffbf80b0000 - 0x00007ffbf8216000 	C:\WINDOWS\SYSTEM32\wintypes.dll
0x00007ffbfbda0000 - 0x00007ffbfbe8a000 	C:\WINDOWS\System32\SHCORE.dll
0x00007ffbfbd40000 - 0x00007ffbfbd9d000 	C:\WINDOWS\System32\shlwapi.dll
0x00007ffbfa240000 - 0x00007ffbfa261000 	C:\WINDOWS\SYSTEM32\profapi.dll
0x00007ffbf6100000 - 0x00007ffbf6119000 	C:\Program Files\Java\jdk-11.0.12\bin\net.dll
0x00007ffbf93d0000 - 0x00007ffbf94dc000 	C:\WINDOWS\SYSTEM32\WINHTTP.dll
0x00007ffbf98e0000 - 0x00007ffbf9947000 	C:\WINDOWS\system32\mswsock.dll
0x00007ffbf5ed0000 - 0x00007ffbf5ee2000 	C:\Program Files\Java\jdk-11.0.12\bin\nio.dll
0x00007ffbe7be0000 - 0x00007ffbe7bfa000 	C:\Users\emerson.da.s.barros\AppData\Local\JetBrains\IntelliJ IDEA Community Edition 2021.2.3\bin\breakgen64.dll
0x00007ffbf5ec0000 - 0x00007ffbf5ec9000 	C:\Program Files\Java\jdk-11.0.12\bin\management.dll
0x00007ffbf5eb0000 - 0x00007ffbf5ebb000 	C:\Program Files\Java\jdk-11.0.12\bin\management_ext.dll
0x00007ffbe8a90000 - 0x00007ffbe8aa7000 	C:\WINDOWS\system32\napinsp.dll
0x00007ffbe8a70000 - 0x00007ffbe8a8b000 	C:\WINDOWS\system32\pnrpnsp.dll
0x00007ffbe8a50000 - 0x00007ffbe8a62000 	C:\WINDOWS\System32\winrnr.dll
0x00007ffbe8a30000 - 0x00007ffbe8a45000 	C:\WINDOWS\system32\wshbth.dll
0x00007ffbe89f0000 - 0x00007ffbe8a0f000 	C:\WINDOWS\system32\nlansp_c.dll
0x00007ffbf0050000 - 0x00007ffbf005a000 	C:\Windows\System32\rasadhlp.dll
0x00007ffbf1db0000 - 0x00007ffbf1e31000 	C:\WINDOWS\System32\fwpuclnt.dll
0x00007ffbe6d80000 - 0x00007ffbe6da5000 	C:\Program Files\Java\jdk-11.0.12\bin\sunec.dll
0x00007ffbf5b90000 - 0x00007ffbf5b9d000 	C:\Program Files\Java\jdk-11.0.12\bin\sunmscapi.dll
0x0000028b643a0000 - 0x0000028b64502000 	C:\WINDOWS\System32\CRYPT32.dll
0x00007ffbf9cc0000 - 0x00007ffbf9ce8000 	C:\WINDOWS\SYSTEM32\ncrypt.dll
0x00007ffbf9c80000 - 0x00007ffbf9cb7000 	C:\WINDOWS\SYSTEM32\NTASN1.dll
0x00007ffbf9bb0000 - 0x00007ffbf9bc8000 	C:\WINDOWS\SYSTEM32\CRYPTSP.dll
0x00007ffbf9310000 - 0x00007ffbf9345000 	C:\WINDOWS\system32\rsaenh.dll
0x00007ffbf9980000 - 0x00007ffbf99a9000 	C:\WINDOWS\SYSTEM32\USERENV.dll
0x00007ffbf9cf0000 - 0x00007ffbf9d17000 	C:\WINDOWS\SYSTEM32\bcrypt.dll
0x00007ffbf9ad0000 - 0x00007ffbf9adc000 	C:\WINDOWS\SYSTEM32\CRYPTBASE.dll
0x00007ffbf1ef0000 - 0x00007ffbf1f09000 	C:\WINDOWS\SYSTEM32\dhcpcsvc6.DLL
0x00007ffbf1fc0000 - 0x00007ffbf1fde000 	C:\WINDOWS\SYSTEM32\dhcpcsvc.DLL

dbghelp: loaded successfully - version: 4.0.5 - missing functions: none
symbol engine: initialized successfully - sym options: 0x614 - pdb path: .;C:\Program Files\Java\jdk-11.0.12\bin;C:\WINDOWS\SYSTEM32;C:\WINDOWS\WinSxS\amd64_microsoft.windows.common-controls_6595b64144ccf1df_6.0.22000.120_none_9d947278b86cc467;C:\Program Files\Avecto\Privilege Guard Client;C:\Program Files\Java\jdk-11.0.12\bin\server;C:\Users\emerson.da.s.barros\AppData\Local\JetBrains\IntelliJ IDEA Community Edition 2021.2.3\bin

VM Arguments:
jvm_args: -ea -javaagent:C:\Users\emerson.da.s.barros\AppData\Local\JetBrains\IdeaIC2021.2\testAgent\intellij-coverage-agent-1.0.589.jar=C:\Users\emerson.da.s.barros\AppData\Local\Temp\coverage3args -Didea.new.sampling.coverage=true -Dcoverage.ignore.private.constructor.util.class=true -Didea.test.cyclic.buffer.size=1048576 -javaagent:C:\Users\emerson.da.s.barros\AppData\Local\JetBrains\IntelliJ IDEA Community Edition 2021.2.3\lib\idea_rt.jar=55349:C:\Users\emerson.da.s.barros\AppData\Local\JetBrains\IntelliJ IDEA Community Edition 2021.2.3\bin -Dfile.encoding=UTF-8 
java_command: com.intellij.rt.junit.JUnitStarter -ideVersion5 -junit5 com.barrostech.CadastroCozinhaIntegrationTests,testarFalhaExcluirCozinhaEmUso
java_class_path (initial): C:\Users\emerson.da.s.barros\.m2\repository\org\junit\platform\junit-platform-launcher\1.7.1\junit-platform-launcher-1.7.1.jar;C:\Users\emerson.da.s.barros\AppData\Local\JetBrains\IntelliJ IDEA Community Edition 2021.2.3\lib\idea_rt.jar;C:\Users\emerson.da.s.barros\AppData\Local\JetBrains\IntelliJ IDEA Community Edition 2021.2.3\plugins\junit\lib\junit5-rt.jar;C:\Users\emerson.da.s.barros\AppData\Local\JetBrains\IntelliJ IDEA Community Edition 2021.2.3\plugins\junit\lib\junit-rt.jar;C:\fontes\projeto-algaworks-api\target\test-classes;C:\fontes\projeto-algaworks-api\target\classes;C:\Users\emerson.da.s.barros\.m2\repository\org\springframework\boot\spring-boot-starter-web\2.4.4\spring-boot-starter-web-2.4.4.jar;C:\Users\emerson.da.s.barros\.m2\repository\org\springframework\boot\spring-boot-starter-json\2.4.4\spring-boot-starter-json-2.4.4.jar;C:\Users\emerson.da.s.barros\.m2\repository\com\fasterxml\jackson\datatype\jackson-datatype-jdk8\2.11.4\jackson-datatype-jdk8-2.11.4.jar;C:\Users\emerson.da.s.barros\.m2\repository\com\fasterxml\jackson\datatype\jackson-datatype-jsr310\2.11.4\jackson-datatype-jsr310-2.11.4.jar;C:\Users\emerson.da.s.barros\.m2\repository\com\fasterxml\jackson\module\jackson-module-parameter-names\2.11.4\jackson-module-parameter-names-2.11.4.jar;C:\Users\emerson.da.s.barros\.m2\repository\org\springframework\boot\spring-boot-starter-tomcat\2.4.4\spring-boot-starter-tomcat-2.4.4.jar;C:\Users\emerson.da.s.barros\.m2\repository\org\apache\tomcat\embed\tomcat-embed-core\9.0.44\tomcat-embed-core-9.0.44.jar;C:\Users\emerson.da.s.barros\.m2\repository\org\apache\tomcat\embed\tomcat-embed-websocket\9.0.44\tomcat-embed-websocket-9.0.44.jar;C:\Users\emerson.da.s.barros\.m2\repository\org\springframework\spring-web\5.3.5\spring-web-5.3.5.jar;C:\Users\emerson.da.s.barros\.m2\repository\org\springframework\spring-beans\5.3.5\spring-beans-5.3.5.jar;C:\Users\emerson.da.s.barros\.m2\repository\org\springframework\spring-webmvc\5.3.5\
Launcher Type: SUN_STANDARD

[Global flags]
     intx CICompilerCount                          = 4                                         {product} {ergonomic}
     uint ConcGCThreads                            = 2                                         {product} {ergonomic}
     uint G1ConcRefinementThreads                  = 8                                         {product} {ergonomic}
   size_t G1HeapRegionSize                         = 1048576                                   {product} {ergonomic}
    uintx GCDrainStackTargetSize                   = 64                                        {product} {ergonomic}
   size_t InitialHeapSize                          = 132120576                                 {product} {ergonomic}
   size_t MarkStackSize                            = 4194304                                   {product} {ergonomic}
   size_t MaxHeapSize                              = 2105540608                                {product} {ergonomic}
   size_t MaxNewSize                               = 1262485504                                {product} {ergonomic}
   size_t MinHeapDeltaBytes                        = 1048576                                   {product} {ergonomic}
    uintx NonNMethodCodeHeapSize                   = 5836300                                {pd product} {ergonomic}
    uintx NonProfiledCodeHeapSize                  = 122910970                              {pd product} {ergonomic}
    uintx ProfiledCodeHeapSize                     = 122910970                              {pd product} {ergonomic}
    uintx ReservedCodeCacheSize                    = 251658240                              {pd product} {ergonomic}
     bool SegmentedCodeCache                       = true                                      {product} {ergonomic}
     bool UseCompressedClassPointers               = true                                 {lp64_product} {ergonomic}
     bool UseCompressedOops                        = true                                 {lp64_product} {ergonomic}
     bool UseG1GC                                  = true                                      {product} {ergonomic}
     bool UseLargePagesIndividualAllocation        = false                                  {pd product} {ergonomic}

Logging:
Log output configuration:
 #0: stdout all=warning uptime,level,tags
 #1: stderr all=off uptime,level,tags

Environment Variables:
PATH=C:\Program Files\Common Files\Oracle\Java\javapath;C:\Python310\Scripts\;C:\Python310\;C:\WINDOWS\system32;C:\WINDOWS;C:\WINDOWS\System32\Wbem;C:\WINDOWS\System32\WindowsPowerShell\v1.0\;C:\WINDOWS\System32\OpenSSH\;C:\Program Files\Intel\WiFi\bin\;C:\Program Files\Common Files\Intel\WirelessCommon\;C:\Program Files (x86)\Symantec\VIP Access Client\;C:\Program Files (x86)\Pulse Secure\VC142.CRT\X64\;C:\Program Files (x86)\Pulse Secure\VC142.CRT\X86\;C:\Program Files (x86)\Common Files\Pulse Secure\VC142.CRT\X64\;C:\Program Files (x86)\Common Files\Pulse Secure\VC142.CRT\X86\;C:\Program Files\nodejs\;C:\ProgramData\chocolatey\bin;;C:\Program Files\Amazon\AWSCLIV2\;C:\Program Files\PuTTY\;C:\Users\emerson.da.s.barros\AppData\Local\Microsoft\WindowsApps;C:\Users\emerson.da.s.barros\AppData\Local\JetBrains\IntelliJ IDEA Community Edition 2021.2.3\bin;;C:\Users\emerson.da.s.barros\AppData\Local\Programs\Git\cmd;C:\Users\emerson.da.s.barros\AppData\Local\Programs\Microsoft VS Code\bin;C:\Users\emerson.da.s.barros\AppData\Roaming\npm;
USERNAME=emerson.da.s.barros
OS=Windows_NT
PROCESSOR_IDENTIFIER=Intel64 Family 6 Model 142 Stepping 10, GenuineIntel



---------------  S Y S T E M  ---------------

OS: Windows 10 , 64 bit Build 22000 (10.0.22000.613)
Hyper-V role detected

CPU:total 8 (initial active 8) (4 cores per cpu, 2 threads per core) family 6 model 142 stepping 10 microcode 0xea, cmov, cx8, fxsr, mmx, sse, sse2, sse3, ssse3, sse4.1, sse4.2, popcnt, avx, avx2, aes, clmul, erms, rtm, 3dnowpref, lzcnt, ht, tsc, tscinvbit, bmi1, bmi2, adx, fma

Memory: 4k page, system-wide physical 8026M (549M free)
TotalPageFile size 13163M (AvailPageFile size 9M)
current process WorkingSet (physical memory assigned to process): 330M, peak: 331M
current process commit charge ("private bytes"): 396M, peak: 427M

vm_info: Java HotSpot(TM) 64-Bit Server VM (11.0.12+8-LTS-237) for windows-amd64 JRE (11.0.12+8-LTS-237), built on Jun  8 2021 11:25:59 by "mach5one" with MS VC++ 15.9 (VS2017)

END.
